2026-02-26 08:38:37,319 - Process_tracker - INFO - Starting time tracking for SID S-1-5-21-1323847849-596449929-2421794689-1001
2026-02-26 08:38:37,347 - Process_tracker - INFO - Process Code.exe (PID: 824) has been running for 0:29:18.246178
2026-02-26 08:38:37,415 - Process_tracker - INFO - Process chrome.exe (PID: 1528) has been running for 0:27:35.612385
2026-02-26 08:38:37,416 - Process_tracker - INFO - Process chrome.exe (PID: 1580) has been running for 0:30:19.598066
2026-02-26 08:38:37,416 - Process_tracker - INFO - Process chrome.exe (PID: 1620) has been running for 0:20:36.722229
2026-02-26 08:38:37,510 - Process_tracker - INFO - Process chrome.exe (PID: 2092) has been running for 0:17:47.539060
2026-02-26 08:38:37,545 - Process_tracker - INFO - Process RuntimeBroker.exe (PID: 2512) has been running for 0:24:07.816504
2026-02-26 08:38:37,559 - Process_tracker - INFO - Process OpenConsole.exe (PID: 2580) has been running for 0:24:08.776897
2026-02-26 08:38:37,563 - Process_tracker - INFO - Process backgroundTaskHost.exe (PID: 2700) has been running for 0:29:26.051711
2026-02-26 08:38:37,597 - Process_tracker - INFO - Process dllhost.exe (PID: 2844) has been running for 0:00:02.216620
2026-02-26 08:38:37,714 - Process_tracker - INFO - Process UserOOBEBroker.exe (PID: 3672) has been running for 0:00:35.636959
2026-02-26 08:38:37,714 - Process_tracker - INFO - Process SystemSettings.exe (PID: 3792) has been running for 0:25:31.941384
2026-02-26 08:38:37,730 - Process_tracker - INFO - Process CodeSetup-stable-072586267e68ece9a47aa43f8c108e0dcbf44622.exe (PID: 3924) has been running for 0:28:42.744195
2026-02-26 08:38:37,781 - Process_tracker - INFO - Process chrome.exe (PID: 4320) has been running for 0:03:31.089964
2026-02-26 08:38:37,793 - Process_tracker - INFO - Process taskhostw.exe (PID: 4388) has been running for 0:30:53.488150
2026-02-26 08:38:37,797 - Process_tracker - INFO - Process conhost.exe (PID: 4448) has been running for 0:00:01.111203
2026-02-26 08:38:37,810 - Process_tracker - INFO - Process svchost.exe (PID: 4584) has been running for 0:30:53.547350
2026-02-26 08:38:37,810 - Process_tracker - INFO - Process svchost.exe (PID: 4604) has been running for 0:30:53.564818
2026-02-26 08:38:37,811 - Process_tracker - INFO - Process svchost.exe (PID: 4608) has been running for 0:30:53.528224
2026-02-26 08:38:37,812 - Process_tracker - INFO - Process igfxEM.exe (PID: 4640) has been running for 0:30:53.547529
2026-02-26 08:38:37,812 - Process_tracker - INFO - Process WindowsTerminal.exe (PID: 4656) has been running for 0:24:08.879466
2026-02-26 08:38:37,935 - Process_tracker - INFO - Process RuntimeBroker.exe (PID: 5092) has been running for 0:30:31.713013
2026-02-26 08:38:37,962 - Process_tracker - INFO - Process chrome.exe (PID: 5676) has been running for 0:03:37.088318
2026-02-26 08:38:37,962 - Process_tracker - INFO - Process backgroundTaskHost.exe (PID: 5788) has been running for 0:00:36.019993
2026-02-26 08:38:37,962 - Process_tracker - INFO - Process chrome.exe (PID: 5792) has been running for 0:03:30.262807
2026-02-26 08:38:37,962 - Process_tracker - INFO - Process backgroundTaskHost.exe (PID: 5972) has been running for 0:00:36.409225
2026-02-26 08:38:37,980 - Process_tracker - INFO - Process svchost.exe (PID: 6164) has been running for 0:29:25.434196
2026-02-26 08:38:37,981 - Process_tracker - INFO - Process backgroundTaskHost.exe (PID: 6384) has been running for 0:00:36.297566
2026-02-26 08:38:37,981 - Process_tracker - INFO - Process conhost.exe (PID: 6452) has been running for 0:27:16.620984
2026-02-26 08:38:37,981 - Process_tracker - INFO - Process backgroundTaskHost.exe (PID: 6520) has been running for 0:00:36.224270
2026-02-26 08:38:37,981 - Process_tracker - INFO - Process chrome.exe (PID: 6568) has been running for 0:03:42.251120
2026-02-26 08:38:37,995 - Process_tracker - INFO - Process smartscreen.exe (PID: 6652) has been running for 0:00:13.358207
2026-02-26 08:38:37,995 - Process_tracker - INFO - Process Code.exe (PID: 6828) has been running for 0:29:18.820913
2026-02-26 08:38:37,995 - Process_tracker - INFO - Process conhost.exe (PID: 6932) has been running for 0:27:15.142061
2026-02-26 08:38:37,995 - Process_tracker - INFO - Process svchost.exe (PID: 7068) has been running for 0:25:48.106677
2026-02-26 08:38:38,011 - Process_tracker - INFO - Process CodeSetup-stable-072586267e68ece9a47aa43f8c108e0dcbf44622.tmp (PID: 7176) has been running for 0:28:42.739140
2026-02-26 08:38:38,011 - Process_tracker - INFO - Process Code.exe (PID: 7292) has been running for 0:27:20.615932
2026-02-26 08:38:38,012 - Process_tracker - INFO - Process conhost.exe (PID: 7336) has been running for 0:30:54.460588
2026-02-26 08:38:38,013 - Process_tracker - INFO - Process SECOCL64.exe (PID: 7368) has been running for 0:30:54.477002
2026-02-26 08:38:38,013 - Process_tracker - INFO - Process powershell.exe (PID: 7416) has been running for 0:00:01.230953
2026-02-26 08:38:38,014 - Process_tracker - INFO - Process cmd.exe (PID: 7556) has been running for 0:24:09.407874
2026-02-26 08:38:38,027 - Process_tracker - INFO - Process CrossDeviceService.exe (PID: 7688) has been running for 0:30:35.787334
2026-02-26 08:38:38,027 - Process_tracker - INFO - Process sihost.exe (PID: 7728) has been running for 0:30:54.153830
2026-02-26 08:38:38,027 - Process_tracker - INFO - Process pet.exe (PID: 7760) has been running for 0:27:16.680734
2026-02-26 08:38:38,043 - Process_tracker - INFO - Process Code.exe (PID: 7876) has been running for 0:29:19.974369
2026-02-26 08:38:38,043 - Process_tracker - INFO - Process chrome.exe (PID: 7948) has been running for 0:30:33.712628
2026-02-26 08:38:38,043 - Process_tracker - INFO - Process Code.exe (PID: 7992) has been running for 0:29:18.880963
2026-02-26 08:38:38,047 - Process_tracker - INFO - Process backgroundTaskHost.exe (PID: 8188) has been running for 0:00:36.448406
2026-02-26 08:38:38,047 - Process_tracker - INFO - Process Code.exe (PID: 8248) has been running for 0:29:14.001433
2026-02-26 08:38:38,061 - Process_tracker - INFO - Process Code.exe (PID: 8436) has been running for 0:27:14.691995
2026-02-26 08:38:38,061 - Process_tracker - INFO - Process powershell.exe (PID: 8556) has been running for 0:27:15.097008
2026-02-26 08:38:38,061 - Process_tracker - INFO - Process explorer.exe (PID: 8840) has been running for 0:30:52.712377
2026-02-26 08:38:38,061 - Process_tracker - INFO - Process svchost.exe (PID: 9064) has been running for 0:30:51.512334
2026-02-26 08:38:38,061 - Process_tracker - INFO - Process Code.exe (PID: 9076) has been running for 0:29:18.679154
2026-02-26 08:38:38,079 - Process_tracker - INFO - Process chrome.exe (PID: 9232) has been running for 0:30:34.565902
2026-02-26 08:38:38,079 - Process_tracker - INFO - Process taskhostw.exe (PID: 9348) has been running for 0:29:51.833081
2026-02-26 08:38:38,079 - Process_tracker - INFO - Process SearchHost.exe (PID: 9516) has been running for 0:30:50.529561
2026-02-26 08:38:38,079 - Process_tracker - INFO - Process StartMenuExperienceHost.exe (PID: 9644) has been running for 0:30:50.509407
2026-02-26 08:38:38,079 - Process_tracker - INFO - Process RuntimeBroker.exe (PID: 9804) has been running for 0:30:49.962813
2026-02-26 08:38:38,079 - Process_tracker - INFO - Process Widgets.exe (PID: 9820) has been running for 0:30:49.944019
2026-02-26 08:38:38,079 - Process_tracker - INFO - Process AppVShNotify.exe (PID: 9840) has been running for 0:23:45.675255
2026-02-26 08:38:38,079 - Process_tracker - INFO - Process RuntimeBroker.exe (PID: 9856) has been running for 0:30:49.923070
2026-02-26 08:38:38,079 - Process_tracker - INFO - Process svchost.exe (PID: 9924) has been running for 0:30:49.835299
2026-02-26 08:38:38,079 - Process_tracker - INFO - Process backgroundTaskHost.exe (PID: 10084) has been running for 0:29:26.175795
2026-02-26 08:38:38,079 - Process_tracker - INFO - Process ctfmon.exe (PID: 10264) has been running for 0:30:45.790951
2026-02-26 08:38:38,079 - Process_tracker - INFO - Process WidgetService.exe (PID: 10320) has been running for 0:30:49.241888
2026-02-26 08:38:38,079 - Process_tracker - INFO - Process ApplicationFrameHost.exe (PID: 10464) has been running for 0:25:32.305206
2026-02-26 08:38:38,079 - Process_tracker - INFO - Process dllhost.exe (PID: 10664) has been running for 0:30:48.009682
2026-02-26 08:38:38,096 - Process_tracker - INFO - Process LocationNotificationWindows.exe (PID: 11152) has been running for 0:30:48.190337
2026-02-26 08:38:38,096 - Process_tracker - INFO - Process Code.exe (PID: 11200) has been running for 0:27:20.767215
2026-02-26 08:38:38,096 - Process_tracker - INFO - Process chrome.exe (PID: 11232) has been running for 0:30:33.782137
2026-02-26 08:38:38,096 - Process_tracker - INFO - Process chrome.exe (PID: 11352) has been running for 0:30:35.825385
2026-02-26 08:38:38,112 - Process_tracker - INFO - Process chrome.exe (PID: 11452) has been running for 0:30:33.721619
2026-02-26 08:38:38,112 - Process_tracker - INFO - Process PhoneExperienceHost.exe (PID: 11632) has been running for 0:30:44.662328
2026-02-26 08:38:38,112 - Process_tracker - INFO - Process conhost.exe (PID: 11888) has been running for 0:24:09.441479
2026-02-26 08:38:38,112 - Process_tracker - INFO - Process ShellExperienceHost.exe (PID: 11988) has been running for 0:30:32.137040
2026-02-26 08:38:38,112 - Process_tracker - INFO - Process SecurityHealthSystray.exe (PID: 12052) has been running for 0:30:37.890412
2026-02-26 08:38:38,112 - Process_tracker - INFO - Process Code.exe (PID: 12060) has been running for 0:29:15.333225
2026-02-26 08:38:38,130 - Process_tracker - INFO - Process RtkAudUService64.exe (PID: 12152) has been running for 0:30:36.912263
2026-02-26 08:38:38,130 - Process_tracker - INFO - Process RuntimeBroker.exe (PID: 12472) has been running for 0:30:27.125534
2026-02-26 08:38:38,146 - Process_tracker - INFO - Process SystemSettingsBroker.exe (PID: 12880) has been running for 0:25:48.223827
2026-02-26 08:38:38,146 - Process_tracker - INFO - Process chrome.exe (PID: 12924) has been running for 0:30:20.328391
2026-02-26 08:38:38,146 - Process_tracker - INFO - Process chrome.exe (PID: 13076) has been running for 0:30:20.251202
2026-02-26 08:38:38,146 - Process_tracker - INFO - Process chrome.exe (PID: 13120) has been running for 0:30:22.121991
2026-02-26 08:38:38,146 - Process_tracker - INFO - Process RuntimeBroker.exe (PID: 13316) has been running for 0:00:35.935909
2026-02-26 08:38:38,160 - Process_tracker - INFO - Process Taskmgr.exe (PID: 13760) has been running for 0:00:13.257303
2026-02-26 08:38:38,163 - Process_tracker - INFO - Process RuntimeBroker.exe (PID: 13820) has been running for 0:00:36.272416
2026-02-26 08:38:38,163 - Process_tracker - INFO - Process python.exe (PID: 14000) has been running for 0:00:00.954751
2026-02-26 08:38:38,163 - Process_tracker - INFO - Process chrome.exe (PID: 14288) has been running for 0:17:49.550189
2026-02-26 08:38:38,163 - Process_tracker - INFO - Finished time tracking for SID S-1-5-21-1323847849-596449929-2421794689-1001
